

============================== 2022-05-23 10:04:21.578595 | 22987474-f16d-455e-88a8-960a2c7d938c ==============================
10:04:21.578610 [info ] [MainThread]: Running with dbt=1.1.0
10:04:21.579528 [debug] [MainThread]: running dbt with arguments {'write_json': True, 'use_colors': True, 'printer_width': 80, 'version_check': True, 'partial_parse': True, 'static_parser': True, 'profiles_dir': '/Users/anilboora/.dbt', 'send_anonymous_usage_stats': True, 'event_buffer_size': 100000, 'quiet': False, 'no_print': False, 'project_name': 'learn-dbt', 'skip_profile_setup': False, 'which': 'init', 'indirect_selection': 'eager'}
10:04:21.579960 [debug] [MainThread]: Tracking: tracking
10:04:21.592376 [debug] [MainThread]: Sending event: {'category': 'dbt', 'action': 'invocation', 'label': 'start', 'context': [<snowplow_tracker.self_describing_json.SelfDescribingJson object at 0x11142ef10>, <snowplow_tracker.self_describing_json.SelfDescribingJson object at 0x11142eb20>, <snowplow_tracker.self_describing_json.SelfDescribingJson object at 0x11142eca0>]}
10:04:21.594423 [info ] [MainThread]: Creating dbt configuration folder at /Users/anilboora/.dbt
10:05:27.382805 [debug] [MainThread]: Starter project path: /Users/anilboora/Desktop/learn_dbt/abtest-dbt/dbt-env/bin/dbt-env/lib/python3.8/site-packages/dbt/include/starter_project


============================== 2022-05-24 20:45:13.107964 | 6bacf1ef-f1ab-4664-af8b-2001adc2593e ==============================
20:45:13.107979 [info ] [MainThread]: Running with dbt=1.1.0
20:45:13.108692 [debug] [MainThread]: running dbt with arguments {'write_json': True, 'use_colors': True, 'printer_width': 80, 'version_check': True, 'partial_parse': True, 'static_parser': True, 'profiles_dir': '/Users/anilboora/.dbt', 'send_anonymous_usage_stats': True, 'event_buffer_size': 100000, 'quiet': False, 'no_print': False, 'config_dir': False, 'which': 'debug', 'indirect_selection': 'eager'}
20:45:13.108947 [debug] [MainThread]: Tracking: tracking
20:45:13.121787 [debug] [MainThread]: Sending event: {'category': 'dbt', 'action': 'invocation', 'label': 'start', 'context': [<snowplow_tracker.self_describing_json.SelfDescribingJson object at 0x111f8bd60>, <snowplow_tracker.self_describing_json.SelfDescribingJson object at 0x111f8b970>, <snowplow_tracker.self_describing_json.SelfDescribingJson object at 0x111f8baf0>]}
20:45:13.123950 [debug] [MainThread]: Executing "git --help"
20:45:13.149796 [debug] [MainThread]: STDOUT: "b"usage: git [--version] [--help] [-C <path>] [-c <name>=<value>]\n           [--exec-path[=<path>]] [--html-path] [--man-path] [--info-path]\n           [-p | --paginate | -P | --no-pager] [--no-replace-objects] [--bare]\n           [--git-dir=<path>] [--work-tree=<path>] [--namespace=<name>]\n           <command> [<args>]\n\nThese are common Git commands used in various situations:\n\nstart a working area (see also: git help tutorial)\n   clone             Clone a repository into a new directory\n   init              Create an empty Git repository or reinitialize an existing one\n\nwork on the current change (see also: git help everyday)\n   add               Add file contents to the index\n   mv                Move or rename a file, a directory, or a symlink\n   restore           Restore working tree files\n   rm                Remove files from the working tree and from the index\n   sparse-checkout   Initialize and modify the sparse-checkout\n\nexamine the history and state (see also: git help revisions)\n   bisect            Use binary search to find the commit that introduced a bug\n   diff              Show changes between commits, commit and working tree, etc\n   grep              Print lines matching a pattern\n   log               Show commit logs\n   show              Show various types of objects\n   status            Show the working tree status\n\ngrow, mark and tweak your common history\n   branch            List, create, or delete branches\n   commit            Record changes to the repository\n   merge             Join two or more development histories together\n   rebase            Reapply commits on top of another base tip\n   reset             Reset current HEAD to the specified state\n   switch            Switch branches\n   tag               Create, list, delete or verify a tag object signed with GPG\n\ncollaborate (see also: git help workflows)\n   fetch             Download objects and refs from another repository\n   pull              Fetch from and integrate with another repository or a local branch\n   push              Update remote refs along with associated objects\n\n'git help -a' and 'git help -g' list available subcommands and some\nconcept guides. See 'git help <command>' or 'git help <concept>'\nto read about a specific subcommand or concept.\nSee 'git help git' for an overview of the system.\n""
20:45:13.150525 [debug] [MainThread]: STDERR: "b''"
20:45:13.151524 [debug] [MainThread]: Sending event: {'category': 'dbt', 'action': 'invocation', 'label': 'end', 'context': [<snowplow_tracker.self_describing_json.SelfDescribingJson object at 0x111f8b970>, <snowplow_tracker.self_describing_json.SelfDescribingJson object at 0x111f8b5b0>, <snowplow_tracker.self_describing_json.SelfDescribingJson object at 0x111f8b580>]}


============================== 2022-05-24 20:48:10.031575 | f52e4cd6-cf32-4217-852f-67caab90b63c ==============================
20:48:10.031589 [info ] [MainThread]: Running with dbt=1.1.0
20:48:10.032360 [debug] [MainThread]: running dbt with arguments {'write_json': True, 'use_colors': True, 'printer_width': 80, 'version_check': True, 'partial_parse': True, 'static_parser': True, 'profiles_dir': '/Users/anilboora/.dbt', 'send_anonymous_usage_stats': True, 'event_buffer_size': 100000, 'quiet': False, 'no_print': False, 'config_dir': False, 'which': 'debug', 'indirect_selection': 'eager'}
20:48:10.032593 [debug] [MainThread]: Tracking: tracking
20:48:10.048479 [debug] [MainThread]: Sending event: {'category': 'dbt', 'action': 'invocation', 'label': 'start', 'context': [<snowplow_tracker.self_describing_json.SelfDescribingJson object at 0x1110f3fd0>, <snowplow_tracker.self_describing_json.SelfDescribingJson object at 0x1110f3ca0>, <snowplow_tracker.self_describing_json.SelfDescribingJson object at 0x1110f3d60>]}
20:48:10.582227 [debug] [MainThread]: Executing "git --help"
20:48:10.600327 [debug] [MainThread]: STDOUT: "b"usage: git [--version] [--help] [-C <path>] [-c <name>=<value>]\n           [--exec-path[=<path>]] [--html-path] [--man-path] [--info-path]\n           [-p | --paginate | -P | --no-pager] [--no-replace-objects] [--bare]\n           [--git-dir=<path>] [--work-tree=<path>] [--namespace=<name>]\n           <command> [<args>]\n\nThese are common Git commands used in various situations:\n\nstart a working area (see also: git help tutorial)\n   clone             Clone a repository into a new directory\n   init              Create an empty Git repository or reinitialize an existing one\n\nwork on the current change (see also: git help everyday)\n   add               Add file contents to the index\n   mv                Move or rename a file, a directory, or a symlink\n   restore           Restore working tree files\n   rm                Remove files from the working tree and from the index\n   sparse-checkout   Initialize and modify the sparse-checkout\n\nexamine the history and state (see also: git help revisions)\n   bisect            Use binary search to find the commit that introduced a bug\n   diff              Show changes between commits, commit and working tree, etc\n   grep              Print lines matching a pattern\n   log               Show commit logs\n   show              Show various types of objects\n   status            Show the working tree status\n\ngrow, mark and tweak your common history\n   branch            List, create, or delete branches\n   commit            Record changes to the repository\n   merge             Join two or more development histories together\n   rebase            Reapply commits on top of another base tip\n   reset             Reset current HEAD to the specified state\n   switch            Switch branches\n   tag               Create, list, delete or verify a tag object signed with GPG\n\ncollaborate (see also: git help workflows)\n   fetch             Download objects and refs from another repository\n   pull              Fetch from and integrate with another repository or a local branch\n   push              Update remote refs along with associated objects\n\n'git help -a' and 'git help -g' list available subcommands and some\nconcept guides. See 'git help <command>' or 'git help <concept>'\nto read about a specific subcommand or concept.\nSee 'git help git' for an overview of the system.\n""
20:48:10.601017 [debug] [MainThread]: STDERR: "b''"
20:48:10.615148 [debug] [MainThread]: Acquiring new snowflake connection "debug"
20:48:10.619187 [debug] [MainThread]: Using snowflake connection "debug"
20:48:10.619662 [debug] [MainThread]: On debug: select 1 as id
20:48:10.620069 [debug] [MainThread]: Opening a new connection, currently in state init
20:48:15.415028 [debug] [MainThread]: Snowflake adapter: Got an error when attempting to open a snowflake connection. No retries attempted: '250001: Could not connect to Snowflake backend after 0 attempt(s).Aborting'
20:48:15.415359 [debug] [MainThread]: Snowflake adapter: Error running SQL: select 1 as id
20:48:15.415526 [debug] [MainThread]: Snowflake adapter: Rolling back transaction.
20:48:15.415741 [debug] [MainThread]: On debug: No close available on handle
20:48:15.416220 [debug] [MainThread]: Sending event: {'category': 'dbt', 'action': 'invocation', 'label': 'end', 'context': [<snowplow_tracker.self_describing_json.SelfDescribingJson object at 0x111fb0d00>, <snowplow_tracker.self_describing_json.SelfDescribingJson object at 0x112330580>, <snowplow_tracker.self_describing_json.SelfDescribingJson object at 0x112330490>]}
20:48:15.890087 [debug] [MainThread]: Connection 'debug' was properly closed.
